<?xml version="1.0" encoding="UTF-8"?>
<!-- Generated by org.testng.reporters.JUnitXMLReporter -->
<testsuite hostname="DESKTOP-H311CIF" ignored="0" name="Command line test" tests="5" failures="0" timestamp="2020-08-10T11:58:09 EDT" time="15.553" errors="0">
  <testcase name="runGuiTests" time="3.833" classname="koneksatests.TestNGGUITests"/>
  <testcase name="samplePostBddTest" time="2.876" classname="koneksatests.TestnGApiTests"/>
  <testcase name="sampleGetBddTest" time="0.29" classname="koneksatests.TestnGApiTests"/>
  <testcase name="sampleDeleteBddTest" time="0.339" classname="koneksatests.TestnGApiTests"/>
  <testcase name="sampleOldStyleTest" time="0.488" classname="koneksatests.TestnGApiTests"/>
</testsuite> <!-- Command line test -->
